  main.cpp
main.cpp(50): warning C4018: '<': signed/unsigned mismatch
main.cpp(63): warning C4018: '<': signed/unsigned mismatch
main.cpp(76): warning C4018: '<': signed/unsigned mismatch
main.cpp(96): warning C4018: '<': signed/unsigned mismatch
main.cpp(108): warning C4018: '<': signed/unsigned mismatch
main.cpp(120): warning C4018: '<': signed/unsigned mismatch
main.cpp(122): warning C4018: '<': signed/unsigned mismatch
main.cpp(161): warning C4018: '<': signed/unsigned mismatch
main.cpp(173): warning C4018: '<': signed/unsigned mismatch
main.cpp(183): warning C4018: '<': signed/unsigned mismatch
main.cpp(194): warning C4018: '<': signed/unsigned mismatch
main.cpp(202): warning C4018: '<': signed/unsigned mismatch
main.cpp(208): warning C4018: '<': signed/unsigned mismatch
main.cpp(216): warning C4018: '<': signed/unsigned mismatch
main.cpp(227): warning C4018: '<': signed/unsigned mismatch
  Generating code
  1 of 518 functions ( 0.2%) were compiled, the rest were copied from previous compilation.
    0 functions were new in current compilation
    10 functions had inline decision re-evaluated but remain unchanged
  Finished generating code
  hw1.vcxproj -> C:\Users\Kraig\Documents\GitHub\CSCE-315\hw1\Release\hw1.exe
